#
# A fatal error has been detected by the Java Runtime Environment:
#
#  EXCEPTION_ACCESS_VIOLATION (0xc0000005) at pc=0x00000000035f925c, pid=15792, tid=168
#
# JRE version: Java(TM) SE Runtime Environment (8.0-b132) (build 1.8.0-b132)
# Java VM: Java HotSpot(TM) 64-Bit Server VM (25.0-b70 mixed mode windows-amd64 compressed oops)
# Problematic frame:
# J 2283 C1 com.android.dx.dex.code.LocalList$MakeState.filterSpec(Lcom/android/dx/rop/code/RegisterSpec;)Lcom/android/dx/rop/code/RegisterSpec; (24 bytes) @ 0x00000000035f925c [0x00000000035f91e0+0x7c]
#
# Failed to write core dump. Minidumps are not enabled by default on client versions of Windows
#
# If you would like to submit a bug report, please visit:
#   http://bugreport.sun.com/bugreport/crash.jsp
#

---------------  T H R E A D  ---------------

Current thread (0x00000000163be000):  JavaThread "pool-1-thread-1" [_thread_in_Java, id=168, stack(0x0000000016890000,0x0000000016990000)]

siginfo: ExceptionCode=0xc0000005, reading address 0x0000000000040000

Registers:
RAX=0x0000000014e3df30, RBX=0x0000000000000187, RCX=0x0000000014e3e440, RDX=0x0000000000040000
RSP=0x000000001698ebd0, RBP=0x000000001698eca0, RSI=0x0000000014e437f0, RDI=0x00000000000000a0
R8 =0x0000000000000001, R9 =0x0000000000000002, R10=0x000000007155a270, R11=0x00000000035f91e0
R12=0x0000000000000000, R13=0x000000001698ec58, R14=0x000000001698ece0, R15=0x00000000163be000
RIP=0x00000000035f925c, EFLAGS=0x0000000000010206

Top of Stack: (sp=0x000000001698ebd0)
0x000000001698ebd0:   0000000000000000 000000001698ebd8
0x000000001698ebe0:   0000000014e3d580 000000001698ec58
0x000000001698ebf0:   0000000014e3e440 0000000014e490d8
0x000000001698ec00:   0000000014e3d670 0000000000000000
0x000000001698ec10:   000000001698ec48 000000001698eca0
0x000000001698ec20:   0000000002cc7380 0000000000000000
0x000000001698ec30:   000000001698eca0 0000000002cc72b0
0x000000001698ec40:   000000001698eca0 0000000002cc72b0
0x000000001698ec50:   0000000002cc72b0 0000000000040000
0x000000001698ec60:   000000001698ec60 0000000014e3d73f
0x000000001698ec70:   000000001698ece0 0000000014e3e440
0x000000001698ec80:   0000000014e48d48 0000000014e3d7f8
0x000000001698ec90:   000000001698ec58 000000001698ecd0
0x000000001698eca0:   000000001698ed28 0000000002cc7380
0x000000001698ecb0:   0000000000000000 0000000000000000
0x000000001698ecc0:   0000000000000001 0000000000000002 

Instructions: (pc=0x00000000035f925c)
0x00000000035f923c:   00 00 00 00 48 8b 1c 3e 48 8d 5b 01 48 89 1c 3e
0x00000000035f924c:   0f 85 0a 00 00 00 48 89 54 24 58 e9 b3 01 00 00
0x00000000035f925c:   48 3b 02 48 8b f2 48 bf f0 37 e4 14 00 00 00 00
0x00000000035f926c:   8b 76 08 48 c1 e6 03 48 3b b7 b8 00 00 00 75 0d 


Register to memory mapping:

RAX=0x0000000014e3df30 is an unknown value
RBX=0x0000000000000187 is an unknown value
RCX=0x0000000014e3e440 is an unknown value
RDX=0x0000000000040000 is an unknown value
RSP=0x000000001698ebd0 is pointing into the stack for thread: 0x00000000163be000
RBP=0x000000001698eca0 is pointing into the stack for thread: 0x00000000163be000
RSI=0x0000000014e437f0 is an unknown value
RDI=0x00000000000000a0 is an unknown value
R8 =0x0000000000000001 is an unknown value
R9 =0x0000000000000002 is an unknown value
R10=0x000000007155a270 is an unknown value
R11=0x00000000035f91e0 is at entry_point+0 in (nmethod*)0x00000000035f9050
R12=0x0000000000000000 is an unknown value
R13=0x000000001698ec58 is pointing into the stack for thread: 0x00000000163be000
R14=0x000000001698ece0 is pointing into the stack for thread: 0x00000000163be000
R15=0x00000000163be000 is a thread


Stack: [0x0000000016890000,0x0000000016990000],  sp=0x000000001698ebd0,  free space=1018k
Native frames: (J=compiled Java code, j=interpreted, Vv=VM code, C=native code)
C  0x00000000035f925c


---------------  P R O C E S S  ---------------

Java Threads: ( => current thread )
=>0x00000000163be000 JavaThread "pool-1-thread-1" [_thread_in_Java, id=168, stack(0x0000000016890000,0x0000000016990000)]
  0x00000000161a6000 JavaThread "Service Thread" daemon [_thread_blocked, id=10272, stack(0x0000000016690000,0x0000000016790000)]
  0x00000000151ec000 JavaThread "C1 CompilerThread1" daemon [_thread_blocked, id=11772, stack(0x0000000016590000,0x0000000016690000)]
  0x00000000151ae000 JavaThread "C2 CompilerThread0" daemon [_thread_blocked, id=15500, stack(0x0000000016090000,0x0000000016190000)]
  0x00000000151ad800 JavaThread "Attach Listener" daemon [_thread_blocked, id=13680, stack(0x0000000015f90000,0x0000000016090000)]
  0x0000000015162000 JavaThread "Signal Dispatcher" daemon [_thread_blocked, id=13008, stack(0x0000000015e90000,0x0000000015f90000)]
  0x0000000015109800 JavaThread "Finalizer" daemon [_thread_blocked, id=13660, stack(0x0000000015d90000,0x0000000015e90000)]
  0x0000000015100800 JavaThread "Reference Handler" daemon [_thread_blocked, id=14320, stack(0x0000000015c90000,0x0000000015d90000)]
  0x0000000002bbd800 JavaThread "main" [_thread_blocked, id=17204, stack(0x0000000002a80000,0x0000000002b80000)]

Other Threads:
  0x00000000150fb000 VMThread [stack: 0x0000000015b90000,0x0000000015c90000] [id=4272]
  0x00000000161b5000 WatcherThread [stack: 0x0000000016790000,0x0000000016890000] [id=15472]

VM state:synchronizing (normal execution)

VM Mutex/Monitor currently owned by a thread:  ([mutex/lock_event])
[0x0000000002bbcab0] Safepoint_lock - owner thread: 0x00000000150fb000
[0x0000000002bbceb0] Threads_lock - owner thread: 0x00000000150fb000

Heap:
 PSYoungGen      total 105472K, used 18902K [0x00000000eab00000, 0x00000000f2300000, 0x0000000100000000)
  eden space 92672K, 8% used [0x00000000eab00000,0x00000000eb305b30,0x00000000f0580000)
  from space 12800K, 83% used [0x00000000f1380000,0x00000000f1df0010,0x00000000f2000000)
  to   space 14336K, 0% used [0x00000000f0580000,0x00000000f0580000,0x00000000f1380000)
 ParOldGen       total 129536K, used 48883K [0x00000000c0000000, 0x00000000c7e80000, 0x00000000eab00000)
  object space 129536K, 37% used [0x00000000c0000000,0x00000000c2fbce90,0x00000000c7e80000)
 Metaspace       used 6353K, capacity 7192K, committed 7424K, reserved 1056768K
  class space    used 628K, capacity 656K, committed 768K, reserved 1048576K

Card table byte_map: [0x0000000012080000,0x0000000012290000] byte_map_base: 0x0000000011a80000

Marking Bits: (ParMarkBitMap*) 0x00000000715713b0
 Begin Bits: [0x00000000125f0000, 0x00000000135f0000)
 End Bits:   [0x00000000135f0000, 0x00000000145f0000)

Polling page: 0x0000000001140000

CodeCache: size=245760Kb used=9447Kb max_used=9447Kb free=236313Kb
 bounds [0x0000000002cc0000, 0x0000000003610000, 0x0000000011cc0000]
 total_blobs=2517 nmethods=2253 adapters=178
 compilation: enabled

Compilation events (10 events):
Event: 12.520 Thread 0x00000000151ec000 nmethod 2287 0x00000000035f8250 code [0x00000000035f83c0, 0x00000000035f85e8]
Event: 12.521 Thread 0x00000000151ec000 2288       3       java.net.URLStreamHandler::toExternalForm (219 bytes)
Event: 12.523 Thread 0x00000000151ec000 nmethod 2288 0x00000000035f9e90 code [0x00000000035fa1c0, 0x00000000035fd538]
Event: 12.523 Thread 0x00000000151ec000 2289       3       com.android.dx.rop.code.RegisterSpec::matchesVariable (68 bytes)
Event: 12.523 Thread 0x00000000151ec000 nmethod 2289 0x00000000035f7450 code [0x00000000035f7620, 0x00000000035f7fb8]
Event: 12.523 Thread 0x00000000151ec000 2290       3       com.android.dx.rop.code.RegisterSpec::equalsUsingSimpleType (27 bytes)
Event: 12.523 Thread 0x00000000151ec000 nmethod 2290 0x00000000035fe410 code [0x00000000035fe580, 0x00000000035fe848]
Event: 12.523 Thread 0x00000000151ec000 2291       3       com.android.dx.rop.code.RegisterSpec::isCategory2 (13 bytes)
Event: 12.523 Thread 0x00000000151ec000 nmethod 2291 0x00000000035fe910 code [0x00000000035fea80, 0x00000000035fed58]
Event: 12.524 Thread 0x00000000151ec000 2292       3       com.android.dx.dex.code.LocalList$MakeState::snapshot (110 bytes)

GC Heap History (10 events):
Event: 8.186 GC heap before
{Heap before GC invocations=16 (full 0):
 PSYoungGen      total 35328K, used 35296K [0x00000000eab00000, 0x00000000ee800000, 0x0000000100000000)
  eden space 30720K, 100% used [0x00000000eab00000,0x00000000ec900000,0x00000000ec900000)
  from space 4608K, 99% used [0x00000000ec900000,0x00000000ecd78010,0x00000000ecd80000)
  to   space 6656K, 0% used [0x00000000ee180000,0x00000000ee180000,0x00000000ee800000)
 ParOldGen       total 129536K, used 15480K [0x00000000c0000000, 0x00000000c7e80000, 0x00000000eab00000)
  object space 129536K, 11% used [0x00000000c0000000,0x00000000c0f1e0f8,0x00000000c7e80000)
 Metaspace       used 6033K, capacity 6960K, committed 7040K, reserved 1056768K
  class space    used 589K, capacity 616K, committed 640K, reserved 1048576K
Event: 8.202 GC heap after
Heap after GC invocations=16 (full 0):
 PSYoungGen      total 55296K, used 4640K [0x00000000eab00000, 0x00000000ee900000, 0x0000000100000000)
  eden space 48640K, 0% used [0x00000000eab00000,0x00000000eab00000,0x00000000eda80000)
  from space 6656K, 69% used [0x00000000ee180000,0x00000000ee608000,0x00000000ee800000)
  to   space 7168K, 0% used [0x00000000eda80000,0x00000000eda80000,0x00000000ee180000)
 ParOldGen       total 129536K, used 19949K [0x00000000c0000000, 0x00000000c7e80000, 0x00000000eab00000)
  object space 129536K, 15% used [0x00000000c0000000,0x00000000c137b758,0x00000000c7e80000)
 Metaspace       used 6033K, capacity 6960K, committed 7040K, reserved 1056768K
  class space    used 589K, capacity 616K, committed 640K, reserved 1048576K
}
Event: 8.958 GC heap before
{Heap before GC invocations=17 (full 0):
 PSYoungGen      total 55296K, used 53280K [0x00000000eab00000, 0x00000000ee900000, 0x0000000100000000)
  eden space 48640K, 100% used [0x00000000eab00000,0x00000000eda80000,0x00000000eda80000)
  from space 6656K, 69% used [0x00000000ee180000,0x00000000ee608000,0x00000000ee800000)
  to   space 7168K, 0% used [0x00000000eda80000,0x00000000eda80000,0x00000000ee180000)
 ParOldGen       total 129536K, used 19949K [0x00000000c0000000, 0x00000000c7e80000, 0x00000000eab00000)
  object space 129536K, 15% used [0x00000000c0000000,0x00000000c137b758,0x00000000c7e80000)
 Metaspace       used 6140K, capacity 7064K, committed 7424K, reserved 1056768K
  class space    used 610K, capacity 656K, committed 768K, reserved 1048576K
Event: 9.067 GC heap after
Heap after GC invocations=17 (full 0):
 PSYoungGen      total 55808K, used 7152K [0x00000000eab00000, 0x00000000f0180000, 0x0000000100000000)
  eden space 48640K, 0% used [0x00000000eab00000,0x00000000eab00000,0x00000000eda80000)
  from space 7168K, 99% used [0x00000000eda80000,0x00000000ee17c010,0x00000000ee180000)
  to   space 10240K, 0% used [0x00000000ef780000,0x00000000ef780000,0x00000000f0180000)
 ParOldGen       total 129536K, used 25054K [0x00000000c0000000, 0x00000000c7e80000, 0x00000000eab00000)
  object space 129536K, 19% used [0x00000000c0000000,0x00000000c1877a20,0x00000000c7e80000)
 Metaspace       used 6140K, capacity 7064K, committed 7424K, reserved 1056768K
  class space    used 610K, capacity 656K, committed 768K, reserved 1048576K
}
Event: 9.680 GC heap before
{Heap before GC invocations=18 (full 0):
 PSYoungGen      total 55808K, used 55792K [0x00000000eab00000, 0x00000000f0180000, 0x0000000100000000)
  eden space 48640K, 100% used [0x00000000eab00000,0x00000000eda80000,0x00000000eda80000)
  from space 7168K, 99% used [0x00000000eda80000,0x00000000ee17c010,0x00000000ee180000)
  to   space 10240K, 0% used [0x00000000ef780000,0x00000000ef780000,0x00000000f0180000)
 ParOldGen       total 129536K, used 25054K [0x00000000c0000000, 0x00000000c7e80000, 0x00000000eab00000)
  object space 129536K, 19% used [0x00000000c0000000,0x00000000c1877a20,0x00000000c7e80000)
 Metaspace       used 6142K, capacity 7064K, committed 7424K, reserved 1056768K
  class space    used 610K, capacity 656K, committed 768K, reserved 1048576K
Event: 9.708 GC heap after
Heap after GC invocations=18 (full 0):
 PSYoungGen      total 77312K, used 7648K [0x00000000eab00000, 0x00000000f0380000, 0x0000000100000000)
  eden space 67072K, 0% used [0x00000000eab00000,0x00000000eab00000,0x00000000eec80000)
  from space 10240K, 74% used [0x00000000ef780000,0x00000000efef8020,0x00000000f0180000)
  to   space 11264K, 0% used [0x00000000eec80000,0x00000000eec80000,0x00000000ef780000)
 ParOldGen       total 129536K, used 31697K [0x00000000c0000000, 0x00000000c7e80000, 0x00000000eab00000)
  object space 129536K, 24% used [0x00000000c0000000,0x00000000c1ef47c0,0x00000000c7e80000)
 Metaspace       used 6142K, capacity 7064K, committed 7424K, reserved 1056768K
  class space    used 610K, capacity 656K, committed 768K, reserved 1048576K
}
Event: 10.256 GC heap before
{Heap before GC invocations=19 (full 0):
 PSYoungGen      total 77312K, used 74720K [0x00000000eab00000, 0x00000000f0380000, 0x0000000100000000)
  eden space 67072K, 100% used [0x00000000eab00000,0x00000000eec80000,0x00000000eec80000)
  from space 10240K, 74% used [0x00000000ef780000,0x00000000efef8020,0x00000000f0180000)
  to   space 11264K, 0% used [0x00000000eec80000,0x00000000eec80000,0x00000000ef780000)
 ParOldGen       total 129536K, used 31697K [0x00000000c0000000, 0x00000000c7e80000, 0x00000000eab00000)
  object space 129536K, 24% used [0x00000000c0000000,0x00000000c1ef47c0,0x00000000c7e80000)
 Metaspace       used 6156K, capacity 7064K, committed 7424K, reserved 1056768K
  class space    used 611K, capacity 656K, committed 768K, reserved 1048576K
Event: 10.373 GC heap after
Heap after GC invocations=19 (full 0):
 PSYoungGen      total 78336K, used 10464K [0x00000000eab00000, 0x00000000f2000000, 0x0000000100000000)
  eden space 67072K, 0% used [0x00000000eab00000,0x00000000eab00000,0x00000000eec80000)
  from space 11264K, 92% used [0x00000000eec80000,0x00000000ef6b8000,0x00000000ef780000)
  to   space 12800K, 0% used [0x00000000f1380000,0x00000000f1380000,0x00000000f2000000)
 ParOldGen       total 129536K, used 38919K [0x00000000c0000000, 0x00000000c7e80000, 0x00000000eab00000)
  object space 129536K, 30% used [0x00000000c0000000,0x00000000c2601c68,0x00000000c7e80000)
 Metaspace       used 6156K, capacity 7064K, committed 7424K, reserved 1056768K
  class space    used 611K, capacity 656K, committed 768K, reserved 1048576K
}
Event: 11.365 GC heap before
{Heap before GC invocations=20 (full 0):
 PSYoungGen      total 78336K, used 77536K [0x00000000eab00000, 0x00000000f2000000, 0x0000000100000000)
  eden space 67072K, 100% used [0x00000000eab00000,0x00000000eec80000,0x00000000eec80000)
  from space 11264K, 92% used [0x00000000eec80000,0x00000000ef6b8000,0x00000000ef780000)
  to   space 12800K, 0% used [0x00000000f1380000,0x00000000f1380000,0x00000000f2000000)
 ParOldGen       total 129536K, used 38919K [0x00000000c0000000, 0x00000000c7e80000, 0x00000000eab00000)
  object space 129536K, 30% used [0x00000000c0000000,0x00000000c2601c68,0x00000000c7e80000)
 Metaspace       used 6166K, capacity 7064K, committed 7424K, reserved 1056768K
  class space    used 612K, capacity 656K, committed 768K, reserved 1048576K
Event: 11.531 GC heap after
Heap after GC invocations=20 (full 0):
 PSYoungGen      total 105472K, used 10688K [0x00000000eab00000, 0x00000000f2300000, 0x0000000100000000)
  eden space 92672K, 0% used [0x00000000eab00000,0x00000000eab00000,0x00000000f0580000)
  from space 12800K, 83% used [0x00000000f1380000,0x00000000f1df0010,0x00000000f2000000)
  to   space 14336K, 0% used [0x00000000f0580000,0x00000000f0580000,0x00000000f1380000)
 ParOldGen       total 129536K, used 48883K [0x00000000c0000000, 0x00000000c7e80000, 0x00000000eab00000)
  object space 129536K, 37% used [0x00000000c0000000,0x00000000c2fbce90,0x00000000c7e80000)
 Metaspace       used 6166K, capacity 7064K, committed 7424K, reserved 1056768K
  class space    used 612K, capacity 656K, committed 768K, reserved 1048576K
}

Deoptimization events (10 events):
Event: 12.038 Thread 0x00000000163be000 Uncommon trap: reason=bimorphic action=maybe_recompile pc=0x00000000034c8468 method=java.util.HashMap.putVal(ILjava/lang/Object;Ljava/lang/Object;ZZ)Ljava/lang/Object; @ 203
Event: 12.038 Thread 0x00000000163be000 Uncommon trap: reason=bimorphic action=maybe_recompile pc=0x00000000034c8468 method=java.util.HashMap.putVal(ILjava/lang/Object;Ljava/lang/Object;ZZ)Ljava/lang/Object; @ 203
Event: 12.520 Thread 0x00000000163be000 Uncommon trap: reason=class_check action=maybe_recompile pc=0x0000000003020444 method=com.android.dx.util.FixedSizeList.equals(Ljava/lang/Object;)Z @ 25
Event: 12.520 Thread 0x00000000163be000 Uncommon trap: reason=class_check action=maybe_recompile pc=0x00000000030249c8 method=java.util.Arrays.equals([Ljava/lang/Object;[Ljava/lang/Object;)Z @ 62
Event: 12.520 Thread 0x00000000163be000 Uncommon trap: reason=class_check action=maybe_recompile pc=0x0000000003020444 method=com.android.dx.util.FixedSizeList.equals(Ljava/lang/Object;)Z @ 25
Event: 12.520 Thread 0x00000000163be000 Uncommon trap: reason=class_check action=maybe_recompile pc=0x00000000030249c8 method=java.util.Arrays.equals([Ljava/lang/Object;[Ljava/lang/Object;)Z @ 62
Event: 12.520 Thread 0x00000000163be000 Uncommon trap: reason=class_check action=maybe_recompile pc=0x0000000003020444 method=com.android.dx.util.FixedSizeList.equals(Ljava/lang/Object;)Z @ 25
Event: 12.521 Thread 0x00000000163be000 Uncommon trap: reason=class_check action=maybe_recompile pc=0x0000000003020444 method=com.android.dx.util.FixedSizeList.equals(Ljava/lang/Object;)Z @ 25
Event: 12.521 Thread 0x00000000163be000 Uncommon trap: reason=class_check action=maybe_recompile pc=0x00000000030249c8 method=java.util.Arrays.equals([Ljava/lang/Object;[Ljava/lang/Object;)Z @ 62
Event: 12.521 Thread 0x00000000163be000 Uncommon trap: reason=class_check action=maybe_recompile pc=0x00000000030249c8 method=java.util.Arrays.equals([Ljava/lang/Object;[Ljava/lang/Object;)Z @ 62

Internal exceptions (10 events):
Event: 12.514 Thread 0x00000000163be000 Exception <a 'java/security/PrivilegedActionException'> (0x00000000eb2ac3f0) thrown at [D:\re\workspace\8-2-build-windows-amd64-cygwin\jdk8\2238\hotspot\src\share\vm\prims\jvm.cpp, line 1248]
Event: 12.514 Thread 0x00000000163be000 Exception <a 'java/security/PrivilegedActionException'> (0x00000000eb2aec20) thrown at [D:\re\workspace\8-2-build-windows-amd64-cygwin\jdk8\2238\hotspot\src\share\vm\prims\jvm.cpp, line 1248]
Event: 12.514 Thread 0x00000000163be000 Exception <a 'java/security/PrivilegedActionException'> (0x00000000eb2b3c58) thrown at [D:\re\workspace\8-2-build-windows-amd64-cygwin\jdk8\2238\hotspot\src\share\vm\prims\jvm.cpp, line 1248]
Event: 12.515 Thread 0x00000000163be000 Exception <a 'java/security/PrivilegedActionException'> (0x00000000eb2ba010) thrown at [D:\re\workspace\8-2-build-windows-amd64-cygwin\jdk8\2238\hotspot\src\share\vm\prims\jvm.cpp, line 1248]
Event: 12.515 Thread 0x00000000163be000 Exception <a 'java/security/PrivilegedActionException'> (0x00000000eb2be4e0) thrown at [D:\re\workspace\8-2-build-windows-amd64-cygwin\jdk8\2238\hotspot\src\share\vm\prims\jvm.cpp, line 1248]
Event: 12.515 Thread 0x00000000163be000 Exception <a 'java/security/PrivilegedActionException'> (0x00000000eb2c13a8) thrown at [D:\re\workspace\8-2-build-windows-amd64-cygwin\jdk8\2238\hotspot\src\share\vm\prims\jvm.cpp, line 1248]
Event: 12.516 Thread 0x00000000163be000 Exception <a 'java/security/PrivilegedActionException'> (0x00000000eb2c4120) thrown at [D:\re\workspace\8-2-build-windows-amd64-cygwin\jdk8\2238\hotspot\src\share\vm\prims\jvm.cpp, line 1248]
Event: 12.520 Thread 0x00000000163be000 Exception <a 'java/security/PrivilegedActionException'> (0x00000000eb2d00b8) thrown at [D:\re\workspace\8-2-build-windows-amd64-cygwin\jdk8\2238\hotspot\src\share\vm\prims\jvm.cpp, line 1248]
Event: 12.520 Thread 0x00000000163be000 Exception <a 'java/security/PrivilegedActionException'> (0x00000000eb2d2f50) thrown at [D:\re\workspace\8-2-build-windows-amd64-cygwin\jdk8\2238\hotspot\src\share\vm\prims\jvm.cpp, line 1248]
Event: 12.521 Thread 0x00000000163be000 Exception <a 'java/security/PrivilegedActionException'> (0x00000000eb2d6038) thrown at [D:\re\workspace\8-2-build-windows-amd64-cygwin\jdk8\2238\hotspot\src\share\vm\prims\jvm.cpp, line 1248]

Events (10 events):
Event: 12.521 Thread 0x00000000163be000 DEOPT PACKING pc=0x0000000003020444 sp=0x000000001698eae0
Event: 12.521 Thread 0x00000000163be000 DEOPT UNPACKING pc=0x0000000002d073ef sp=0x000000001698eaa0 mode 2
Event: 12.521 Thread 0x00000000163be000 Uncommon trap: trap_request=0xffffffde fr.pc=0x00000000030249c8
Event: 12.521 Thread 0x00000000163be000 DEOPT PACKING pc=0x00000000030249c8 sp=0x000000001698ea70
Event: 12.521 Thread 0x00000000163be000 DEOPT UNPACKING pc=0x0000000002d073ef sp=0x000000001698ea10 mode 2
Event: 12.521 Thread 0x00000000163be000 Uncommon trap: trap_request=0xffffffde fr.pc=0x00000000030249c8
Event: 12.521 Thread 0x00000000163be000 DEOPT PACKING pc=0x00000000030249c8 sp=0x000000001698ea70
Event: 12.521 Thread 0x00000000163be000 DEOPT UNPACKING pc=0x0000000002d073ef sp=0x000000001698ea10 mode 2
Event: 12.521 loading class com/android/dx/util/ByteArrayAnnotatedOutput
Event: 12.521 loading class com/android/dx/util/ByteArrayAnnotatedOutput done


Dynamic libraries:
0x00007ff68fee0000 - 0x00007ff68ff14000 	C:\Program Files\Java\jdk1.8.0\bin\java.exe
0x00007ffeb2900000 - 0x00007ffeb2aad000 	C:\WINDOWS\SYSTEM32\ntdll.dll
0x00007ffeb0d60000 - 0x00007ffeb0e9e000 	C:\WINDOWS\system32\KERNEL32.DLL
0x00007ffeafc50000 - 0x00007ffeafd65000 	C:\WINDOWS\system32\KERNELBASE.dll
0x00007ffeae5b0000 - 0x00007ffeae63e000 	C:\WINDOWS\system32\apphelp.dll
0x00007ffea3ed0000 - 0x00007ffea3f23000 	C:\WINDOWS\AppPatch\AppPatch64\AcGenral.DLL
0x00007ffeafff0000 - 0x00007ffeb009a000 	C:\WINDOWS\system32\msvcrt.dll
0x00007ffeafd70000 - 0x00007ffeafd9e000 	C:\WINDOWS\system32\SspiCli.dll
0x00007ffeb0930000 - 0x00007ffeb0984000 	C:\WINDOWS\system32\SHLWAPI.dll
0x00007ffeb04c0000 - 0x00007ffeb0637000 	C:\WINDOWS\system32\USER32.dll
0x00007ffeb0160000 - 0x00007ffeb02f4000 	C:\WINDOWS\system32\ole32.dll
0x00007ffeb1300000 - 0x00007ffeb2828000 	C:\WINDOWS\system32\SHELL32.dll
0x00007ffeaeff0000 - 0x00007ffeaf011000 	C:\WINDOWS\SYSTEM32\USERENV.dll
0x00007ffeb0cb0000 - 0x00007ffeb0d5a000 	C:\WINDOWS\system32\ADVAPI32.dll
0x00007ffea7900000 - 0x00007ffea791e000 	C:\WINDOWS\SYSTEM32\MPR.dll
0x00007ffeb1190000 - 0x00007ffeb12d0000 	C:\WINDOWS\system32\RPCRT4.dll
0x00007ffeb0f10000 - 0x00007ffeb0f69000 	C:\WINDOWS\SYSTEM32\sechost.dll
0x00007ffeb0f70000 - 0x00007ffeb1181000 	C:\WINDOWS\SYSTEM32\combase.dll
0x00007ffeb0b50000 - 0x00007ffeb0c9f000 	C:\WINDOWS\system32\GDI32.dll
0x00007ffeafa20000 - 0x00007ffeafa35000 	C:\WINDOWS\SYSTEM32\profapi.dll
0x00007ffeae240000 - 0x00007ffeae2f2000 	C:\WINDOWS\SYSTEM32\SHCORE.dll
0x00007ffeb0650000 - 0x00007ffeb0686000 	C:\WINDOWS\system32\IMM32.DLL
0x00007ffeb0990000 - 0x00007ffeb0ae2000 	C:\WINDOWS\system32\MSCTF.dll
0x00007ffeadb00000 - 0x00007ffeadd7b000 	C:\WINDOWS\WinSxS\amd64_microsoft.windows.common-controls_6595b64144ccf1df_6.0.9600.18006_none_623f33d3ecbe86e8\COMCTL32.dll
0x00000000715f0000 - 0x00000000716c2000 	C:\Program Files\Java\jdk1.8.0\jre\bin\msvcr100.dll
0x0000000070dc0000 - 0x00000000715ea000 	C:\Program Files\Java\jdk1.8.0\jre\bin\server\jvm.dll
0x00007ffeae500000 - 0x00007ffeae509000 	C:\WINDOWS\SYSTEM32\WSOCK32.dll
0x00007ffeac140000 - 0x00007ffeac162000 	C:\WINDOWS\SYSTEM32\WINMM.dll
0x00007ffeb12f0000 - 0x00007ffeb12f7000 	C:\WINDOWS\system32\PSAPI.DLL
0x00007ffeaff90000 - 0x00007ffeaffea000 	C:\WINDOWS\system32\WS2_32.dll
0x00007ffeac100000 - 0x00007ffeac12a000 	C:\WINDOWS\SYSTEM32\WINMMBASE.dll
0x00007ffeb0ca0000 - 0x00007ffeb0ca9000 	C:\WINDOWS\system32\NSI.dll
0x00007ffeafaf0000 - 0x00007ffeafb3f000 	C:\WINDOWS\SYSTEM32\cfgmgr32.dll
0x00007ffeae810000 - 0x00007ffeae838000 	C:\WINDOWS\SYSTEM32\DEVOBJ.dll
0x0000000070db0000 - 0x0000000070dbf000 	C:\Program Files\Java\jdk1.8.0\jre\bin\verify.dll
0x0000000070d80000 - 0x0000000070da8000 	C:\Program Files\Java\jdk1.8.0\jre\bin\java.dll
0x0000000070d60000 - 0x0000000070d76000 	C:\Program Files\Java\jdk1.8.0\jre\bin\zip.dll
0x00007ffea0a20000 - 0x00007ffea0ba9000 	C:\WINDOWS\SYSTEM32\dbghelp.dll

VM Arguments:
jvm_args: -Djava.awt.headless=true -Xmx1024M -Dfile.encoding=GBK -Duser.country=CN -Duser.language=zh -Duser.variant 
java_command: com.android.dx.command.Main --dex --force-jumbo --num-threads=4 --multi-dex --output D:\goog\app\build\intermediates\transforms\dex\debug\folders\1000\10\rxjava-1.1.6_42f1c47710539e3abb87e401a2e0a215aa7ee63b D:\goog\app\build\intermediates\exploded-aar\cn.bmob.android\bmob-sdk\3.5.0\jars\libs\rxjava-1.1.6.jar
java_class_path (initial): D:\sdk\sdk\build-tools\25.0.0\lib\dx.jar
Launcher Type: SUN_STANDARD

Environment Variables:
JAVA_HOME=C:\Program Files\Java\jdk1.8.0
CLASSPATH=.;C:\Program Files\Java\jdk1.8.0/lib/tools.jar;C:\Program Files\Java\jdk1.8.0/lib/dt.jar;D:\apache-tomcat-7.0.53-windows-x64\lib\jsp-api.jar;D:\apache-tomcat-7.0.53-windows-x64\lib\servlet-api.jar
PATH=C:\Program Files\Java\jdk1.8.0/bin;C:\Program Files (x86)\Intel\iCLS Client\;C:\Program Files\Intel\iCLS Client\;C:\WINDOWS\system32;C:\WINDOWS;C:\WINDOWS\System32\Wbem;C:\WINDOWS\System32\WindowsPowerShell\v1.0\;C:\Program Files\Intel\Intel(R) Management Engine Components\DAL;C:\Program Files\Intel\Intel(R) Management Engine Components\IPT;C:\Program Files (x86)\Intel\Intel(R) Management Engine Components\DAL;C:\Program Files (x86)\Intel\Intel(R) Management Engine Components\IPT;C:\Program Files (x86)\Windows Live\Shared;C:\Cadence\SPB_16.6\tools\pcb\bin;C:\Cadence\SPB_16.6\tools\bin;C:\Cadence\SPB_16.6\tools\libutil\bin;C:\Cadence\SPB_16.6\tools\fet\bin;C:\Cadence\SPB_16.6\tools\specctra\bin;C:\Cadence\SPB_16.6\tools\pspice;C:\Cadence\SPB_16.6\tools\capture;C:\Cadence\SPB_16.6\openaccess\bin\win32\opt;C:\Program Files\IDM Computer Solutions\UltraEditC:\Program Files\Java\jdk1.8.0/bin;C:\Program Files\nodejs\;C:\Program Files\MySQL\MySQL Server 5.6\bin;C:\Program Files\TortoiseSVN\bin;C:\Program Files (x86)\NVIDIA Corporation\PhysX\Common;C:\Users\SeanM\AppData\Roaming\npm;C:\Program Files\MySQL\MySQL Server 5.6\bin
USERNAME=SeanM
OS=Windows_NT
PROCESSOR_IDENTIFIER=Intel64 Family 6 Model 58 Stepping 9, GenuineIntel



---------------  S Y S T E M  ---------------

OS: Windows 8.1 , 64 bit Build 9600 

CPU:total 2 (2 cores per cpu, 1 threads per core) family 6 model 58 stepping 9, cmov, cx8, fxsr, mmx, sse, sse2, sse3, ssse3, sse4.1, sse4.2, popcnt, clmul, erms, tsc, tscinvbit

Memory: 4k page, physical 8353804k(1453488k free), swap 12154892k(3635676k free)

vm_info: Java HotSpot(TM) 64-Bit Server VM (25.0-b70) for windows-amd64 JRE (1.8.0-b132), built on Mar  4 2014 03:46:18 by "java_re" with MS VC++ 10.0 (VS2010)

time: Fri Apr 07 15:34:12 2017
elapsed time: 12 seconds

